<?xml version="1.0" encoding="UTF-8"?>
<!-- Generated by org.testng.reporters.JUnitReportReporter -->
<testsuite hostname="PENNANT-VSP211" failures="0" tests="12" name="test.PayRollServiceImplTest" time="0.097" errors="0" timestamp="2023-07-03T16:20:48 IST" skipped="0">
  <testcase classname="test.PayRollServiceImplTest" name="testCalculateGratuity" time="0.004"/>
  <testcase classname="test.PayRollServiceImplTest" name="testCalculateDeductions" time="0.004"/>
  <testcase classname="test.PayRollServiceImplTest" name="testCalculateBasicPay" time="0.009"/>
  <testcase classname="test.PayRollServiceImplTest" name="testCalculateHRA" time="0.003"/>
  <testcase classname="test.PayRollServiceImplTest" name="testCalculateDA" time="0.013"/>
  <testcase classname="test.PayRollServiceImplTest" name="testCalculatePF" time="0.014"/>
  <testcase classname="test.PayRollServiceImplTest" name="testCalculateNetPay" time="0.002"/>
  <testcase classname="test.PayRollServiceImplTest" name="testCalculateAdditions" time="0.031"/>
  <testcase classname="test.PayRollServiceImplTest" name="testCalculateTA" time="0.003"/>
  <testcase classname="test.PayRollServiceImplTest" name="testCalculateTax" time="0.005"/>
  <testcase classname="test.PayRollServiceImplTest" name="testCalculateTotalPay" time="0.004"/>
  <testcase classname="test.PayRollServiceImplTest" name="testCalculateESI" time="0.005"/>
</testsuite> <!-- test.PayRollServiceImplTest -->
