<?xml version="1.0" encoding="UTF-8"?>
<!-- Generated by org.testng.reporters.JUnitReportReporter -->
<testsuite hostname="PENNANT-VSP211" failures="0" tests="3" name="test.CandidateDAOImplTest" time="2.529" errors="0" timestamp="2023-07-03T16:22:54 IST" skipped="0">
  <testcase classname="test.CandidateDAOImplTest" name="testGetCandidateById" time="0.010"/>
  <testcase classname="test.CandidateDAOImplTest" name="testSaveCandidate" time="2.322"/>
  <testcase classname="test.CandidateDAOImplTest" name="testGetAllCandidates" time="0.197"/>
</testsuite> <!-- test.CandidateDAOImplTest -->
