<?xml version="1.0" encoding="UTF-8"?>
<!-- Generated by org.testng.reporters.JUnitReportReporter -->
<testsuite hostname="PENNANT-VSP211" failures="0" tests="10" name="test.OfferLetterDAOImplTest" time="0.365" errors="0" timestamp="2023-07-03T16:21:49 IST" skipped="0">
  <testcase classname="test.OfferLetterDAOImplTest" name="testFindIdtyIdByTitle" time="0.008"/>
  <testcase classname="test.OfferLetterDAOImplTest" name="testFindAllProvidedCandidates" time="0.011"/>
  <testcase classname="test.OfferLetterDAOImplTest" name="testGetLatestEofrIdFromDatabase" time="0.017"/>
  <testcase classname="test.OfferLetterDAOImplTest" name="testUpdateCandidateStatus" time="0.008"/>
  <testcase classname="test.OfferLetterDAOImplTest" name="testInsertEofrInto" time="0.007"/>
  <testcase classname="test.OfferLetterDAOImplTest" name="testGetInductionDocuments" time="0.006"/>
  <testcase classname="test.OfferLetterDAOImplTest" name="testFindAllIssuedCandidates" time="0.279"/>
  <testcase classname="test.OfferLetterDAOImplTest" name="testGetAllDocuments" time="0.007"/>
  <testcase classname="test.OfferLetterDAOImplTest" name="testGetCandidateById" time="0.009"/>
  <testcase classname="test.OfferLetterDAOImplTest" name="testGetHrById" time="0.013"/>
</testsuite> <!-- test.OfferLetterDAOImplTest -->
