<?xml version="1.0" encoding="UTF-8"?>
<!-- Generated by org.testng.reporters.JUnitReportReporter -->
<testsuite hostname="PENNANT-VSP211" failures="0" tests="10" name="test.ApplyPermissionDAOImplTest" time="2.611" errors="0" timestamp="2023-07-04T16:10:17 IST" skipped="0">
  <testcase classname="test.ApplyPermissionDAOImplTest" name="testGetEmployeeAndPermissionRequestData" time="0.378"/>
  <testcase classname="test.ApplyPermissionDAOImplTest" name="testGetEmployeesByHRAndManager" time="0.195"/>
  <testcase classname="test.ApplyPermissionDAOImplTest" name="testGetPermissionByIdAndIndex" time="1.785"/>
  <testcase classname="test.ApplyPermissionDAOImplTest" name="testGetNextPermissionIndex" time="0.010"/>
  <testcase classname="test.ApplyPermissionDAOImplTest" name="testGetEmployeeAndPermissionRequestDataCountPerMonth" time="0.009"/>
  <testcase classname="test.ApplyPermissionDAOImplTest" name="testGetEmployeeApprovedPermissionsCount" time="0.009"/>
  <testcase classname="test.ApplyPermissionDAOImplTest" name="testGetEmployeeAndPermissionRequestData_NoResult" time="0.012"/>
  <testcase classname="test.ApplyPermissionDAOImplTest" name="testGetPermissionByIdAndIndex_NoResult" time="0.004"/>
  <testcase classname="test.ApplyPermissionDAOImplTest" name="testAppliedPermissions" time="0.204"/>
  <testcase classname="test.ApplyPermissionDAOImplTest" name="testPersist" time="0.005"/>
</testsuite> <!-- test.ApplyPermissionDAOImplTest -->
