<?xml version="1.0" encoding="UTF-8"?>
<!-- Generated by org.testng.reporters.JUnitReportReporter -->
<testsuite hostname="PENNANT-VSP211" failures="0" tests="8" name="test.EmployeeDAOImplTest" time="2.211" errors="0" timestamp="2023-07-03T16:22:25 IST" skipped="0">
  <testcase classname="test.EmployeeDAOImplTest" name="testGetEmployee" time="0.008"/>
  <testcase classname="test.EmployeeDAOImplTest" name="testInsertEmployee" time="0.037"/>
  <testcase classname="test.EmployeeDAOImplTest" name="testGetAllEmployees" time="0.100"/>
  <testcase classname="test.EmployeeDAOImplTest" name="testGetEmployeeParametersById" time="0.011"/>
  <testcase classname="test.EmployeeDAOImplTest" name="testUpdateEmployee" time="0.006"/>
  <testcase classname="test.EmployeeDAOImplTest" name="testUpdateEmployeeStatus" time="0.012"/>
  <testcase classname="test.EmployeeDAOImplTest" name="testGetEmployeeById" time="2.023"/>
  <testcase classname="test.EmployeeDAOImplTest" name="testGetEmployeesByHRAndManager" time="0.014"/>
</testsuite> <!-- test.EmployeeDAOImplTest -->
