<?xml version="1.0" encoding="UTF-8"?>
<!-- Generated by org.testng.reporters.JUnitReportReporter -->
<testsuite hostname="PENNANT-VSP211" failures="0" tests="2" name="test.TestEmploymentInductionDocDAOImpl" time="0.181" errors="0" timestamp="2023-07-03T18:21:06 IST" skipped="0">
  <testcase classname="test.TestEmploymentInductionDocDAOImpl" name="testAddEmploymentInductionDocument" time="0.083"/>
  <testcase classname="test.TestEmploymentInductionDocDAOImpl" name="testGetAllDocuments" time="0.098"/>
</testsuite> <!-- test.TestEmploymentInductionDocDAOImpl -->
