<?xml version="1.0" encoding="UTF-8"?>
<!-- Generated by org.testng.reporters.JUnitReportReporter -->
<testsuite hostname="PENNANT-VSP211" failures="0" tests="4" name="test.TestInductionDAOImpl" time="0.236" errors="0" timestamp="2023-07-03T18:22:57 IST" skipped="0">
  <testcase classname="test.TestInductionDAOImpl" name="testGetInductionById" time="0.009"/>
  <testcase classname="test.TestInductionDAOImpl" name="testGetAllInductions" time="0.222"/>
  <testcase classname="test.TestInductionDAOImpl" name="testInsertEmployeeException" time="0.002"/>
  <testcase classname="test.TestInductionDAOImpl" name="testInsertEmployee" time="0.003"/>
</testsuite> <!-- test.TestInductionDAOImpl -->
