<?xml version="1.0" encoding="UTF-8"?>
<!-- Generated by org.testng.reporters.JUnitReportReporter -->
<testsuite hostname="PENNANT-VSP211" failures="0" tests="6" name="test.EmployeeLeaveServiceTest" time="1.624" errors="0" timestamp="2023-07-03T16:14:13 IST" skipped="0">
  <testcase classname="test.EmployeeLeaveServiceTest" name="testCalculateLeavesTakenBetweenDatesWithNullDates" time="0.005"/>
  <testcase classname="test.EmployeeLeaveServiceTest" name="testCalculateLeavesTaken_PendingLeaves" time="0.033"/>
  <testcase classname="test.EmployeeLeaveServiceTest" name="testCalculateLeavesTaken_NoLeaves" time="0.012"/>
  <testcase classname="test.EmployeeLeaveServiceTest" name="testCalculateLeavesTaken_WithLeaves" time="0.009"/>
  <testcase classname="test.EmployeeLeaveServiceTest" name="testCalculateLeavesTakenBetweenDatesWithSameDate" time="1.539"/>
  <testcase classname="test.EmployeeLeaveServiceTest" name="testCalculateLeavesTakenBetweenDates" time="0.026"/>
</testsuite> <!-- test.EmployeeLeaveServiceTest -->
