<?xml version="1.0" encoding="UTF-8"?>
<!-- Generated by org.testng.reporters.JUnitReportReporter -->
<testsuite hostname="PENNANT-VSP211" failures="0" tests="3" name="test.TestEmploymentInductionService" time="0.108" errors="0" timestamp="2023-07-03T18:22:26 IST" skipped="0">
  <testcase classname="test.TestEmploymentInductionService" name="testGetId" time="0.004"/>
  <testcase classname="test.TestEmploymentInductionService" name="testGetAllEmploymentOffers" time="0.100"/>
  <testcase classname="test.TestEmploymentInductionService" name="testGetStatusById" time="0.004"/>
</testsuite> <!-- test.TestEmploymentInductionService -->
