<?xml version="1.0" encoding="UTF-8"?>
<!-- Generated by org.testng.reporters.JUnitReportReporter -->
<testsuite hostname="PENNANT-VSP211" failures="0" tests="4" name="test.TestReferenceDocumentServiceImpl" time="0.130" errors="0" timestamp="2023-07-03T17:15:11 IST" skipped="0">
  <testcase classname="test.TestReferenceDocumentServiceImpl" name="testAddReferenceDocument" time="0.108"/>
  <testcase classname="test.TestReferenceDocumentServiceImpl" name="testDeleteReferenceDocument" time="0.009"/>
  <testcase classname="test.TestReferenceDocumentServiceImpl" name="testGetAllDocuments" time="0.008"/>
  <testcase classname="test.TestReferenceDocumentServiceImpl" name="testGetReferenceDocumentById" time="0.005"/>
</testsuite> <!-- test.TestReferenceDocumentServiceImpl -->
