<?xml version="1.0" encoding="UTF-8"?>
<!-- Generated by org.testng.reporters.JUnitReportReporter -->
<testsuite hostname="PENNANT-VSP211" failures="0" tests="3" name="test.OfferLetterControllerTest" time="2.228" errors="0" timestamp="2023-07-04T15:09:40 IST" skipped="0">
  <testcase classname="test.OfferLetterControllerTest" name="testSendOfferMail" time="0.035"/>
  <testcase classname="test.OfferLetterControllerTest" name="testGetIssuingCandidates" time="2.187"/>
  <testcase classname="test.OfferLetterControllerTest" name="testGetOfferLetterProvidedCandidates" time="0.006"/>
</testsuite> <!-- test.OfferLetterControllerTest -->
