<?xml version="1.0" encoding="UTF-8"?>
<!-- Generated by org.testng.reporters.JUnitReportReporter -->
<testsuite hostname="PENNANT-VSP211" failures="0" tests="11" name="test.OfferLetterDAOImplTest" time="0.315" errors="0" timestamp="2023-07-04T15:45:45 IST" skipped="0">
  <testcase classname="test.OfferLetterDAOImplTest" name="testGetAllDocuments" time="0.008"/>
  <testcase classname="test.OfferLetterDAOImplTest" name="testUpdateCandidateStatus" time="0.006"/>
  <testcase classname="test.OfferLetterDAOImplTest" name="testGetLatestEofrIdFromDatabase" time="0.011"/>
  <testcase classname="test.OfferLetterDAOImplTest" name="testUpdateEmploymentOfferDocuments" time="0.006"/>
  <testcase classname="test.OfferLetterDAOImplTest" name="testGetInductionDocuments" time="0.005"/>
  <testcase classname="test.OfferLetterDAOImplTest" name="testFindAllProvidedCandidates" time="0.012"/>
  <testcase classname="test.OfferLetterDAOImplTest" name="testFindIdtyIdByTitle" time="0.017"/>
  <testcase classname="test.OfferLetterDAOImplTest" name="testGetCandidateById" time="0.007"/>
  <testcase classname="test.OfferLetterDAOImplTest" name="testGetHrById" time="0.014"/>
  <testcase classname="test.OfferLetterDAOImplTest" name="testFindAllIssuedCandidates" time="0.224"/>
  <testcase classname="test.OfferLetterDAOImplTest" name="testInsertEofrInto" time="0.005"/>
</testsuite> <!-- test.OfferLetterDAOImplTest -->
