<?xml version="1.0" encoding="UTF-8"?>
<!-- Generated by org.testng.reporters.JUnitReportReporter -->
<testsuite hostname="PENNANT-VSP211" failures="0" tests="2" name="test.TestEmploymentInductionDocumentService" time="0.102" errors="0" timestamp="2023-07-03T18:21:35 IST" skipped="0">
  <testcase classname="test.TestEmploymentInductionDocumentService" name="testAddCandidateInductionDocument" time="0.084"/>
  <testcase classname="test.TestEmploymentInductionDocumentService" name="testGetAllDocuments" time="0.018"/>
</testsuite> <!-- test.TestEmploymentInductionDocumentService -->
